[2025-10-27 10:15:36] [App1] [INFO]: Unauthorized access attempt
[2025-10-27 10:15:38] [App1] [ERROR]: User login successful
[2025-10-27 10:15:41] [App1] [INFO]: User login successful
[2025-10-27 10:15:43] [App1] [INFO]: User login successful
[2025-10-27 10:15:44] [App1] [WARN]: Disk space low
[2025-10-27 10:15:47] [App1] [WARN]: File saved successfully
[2025-10-27 10:15:49] [App1] [INFO]: Unauthorized access attempt
[2025-10-27 10:15:51] [App1] [ERROR]: Unauthorized access attempt
[2025-10-27 10:15:54] [App1] [WARN]: UI button clicked
[2025-10-27 10:15:55] [App1] [INFO]: User login successful
[2025-10-27 10:15:56] [App1] [INFO]: UI button clicked
[2025-10-27 10:15:59] [App1] [WARN]: User login successful
[2025-10-27 10:16:02] [App1] [WARN]: Disk space low
[2025-10-27 10:16:04] [App1] [ERROR]: User login successful
[2025-10-27 10:16:05] [App1] [WARN]: User login successful
[2025-10-27 10:16:06] [App1] [INFO]: Disk space low
[2025-10-27 10:16:09] [App1] [ERROR]: Disk space low
[2025-10-27 10:16:12] [App1] [INFO]: UI button clicked
[2025-10-27 10:16:14] [App1] [INFO]: File saved successfully
[2025-10-27 10:16:15] [App1] [WARN]: Disk space low
[2025-10-27 10:21:24] [App1] [WARN]: File saved successfully
[2025-10-27 10:21:26] [App1] [INFO]: Disk space low
[2025-10-27 10:21:29] [App1] [ERROR]: UI button clicked
[2025-10-27 10:21:30] [App1] [INFO]: Unauthorized access attempt
[2025-10-27 10:21:31] [App1] [INFO]: UI button clicked
[2025-10-27 10:21:33] [App1] [ERROR]: UI button clicked
[2025-10-27 10:21:34] [App1] [ERROR]: Unauthorized access attempt
[2025-10-27 10:21:36] [App1] [INFO]: UI button clicked
[2025-10-27 10:21:39] [App1] [WARN]: UI button clicked
[2025-10-27 10:21:40] [App1] [INFO]: UI button clicked
[2025-10-27 10:21:43] [App1] [ERROR]: Unauthorized access attempt
[2025-10-27 10:21:45] [App1] [WARN]: File saved successfully
[2025-10-27 10:21:48] [App1] [WARN]: Disk space low
[2025-10-27 10:21:50] [App1] [WARN]: File saved successfully
[2025-10-27 10:21:53] [App1] [ERROR]: Disk space low
[2025-10-27 10:21:54] [App1] [WARN]: Disk space low
[2025-10-27 10:21:56] [App1] [ERROR]: User login successful
[2025-10-27 10:21:58] [App1] [WARN]: Disk space low
[2025-10-27 10:22:01] [App1] [WARN]: UI button clicked
[2025-10-27 10:22:03] [App1] [INFO]: File saved successfully
[2025-10-27 10:30:33] [App1] [INFO]: User login successful
[2025-10-27 10:30:34] [App1] [INFO]: Unauthorized access attempt
[2025-10-27 10:30:37] [App1] [INFO]: Unauthorized access attempt
[2025-10-27 10:30:40] [App1] [ERROR]: File saved successfully
[2025-10-27 10:30:42] [App1] [INFO]: Unauthorized access attempt
[2025-10-27 10:30:45] [App1] [WARN]: UI button clicked
[2025-10-27 10:30:47] [App1] [INFO]: File saved successfully
[2025-10-27 10:30:50] [App1] [WARN]: UI button clicked
[2025-10-27 10:30:52] [App1] [ERROR]: Disk space low
[2025-10-27 10:30:54] [App1] [ERROR]: Disk space low
[2025-10-27 10:30:57] [App1] [ERROR]: UI button clicked
[2025-10-27 10:30:58] [App1] [INFO]: File saved successfully
[2025-10-27 10:30:59] [App1] [INFO]: Unauthorized access attempt
[2025-10-27 10:31:00] [App1] [INFO]: Disk space low
[2025-10-27 10:31:01] [App1] [ERROR]: Unauthorized access attempt
[2025-10-27 10:31:03] [App1] [WARN]: UI button clicked
[2025-10-27 10:31:04] [App1] [INFO]: UI button clicked
[2025-10-27 10:31:07] [App1] [INFO]: File saved successfully
[2025-10-27 10:31:08] [App1] [ERROR]: File saved successfully
[2025-10-27 10:31:11] [App1] [INFO]: User login successful
[2025-10-27 10:59:44] [App1] [ERROR]: Unauthorized access attempt
[2025-10-27 10:59:46] [App1] [INFO]: User login successful
[2025-10-27 10:59:48] [App1] [ERROR]: File saved successfully
[2025-10-27 10:59:51] [App1] [ERROR]: Unauthorized access attempt
[2025-10-27 10:59:52] [App1] [INFO]: UI button clicked
[2025-10-27 10:59:54] [App1] [INFO]: Disk space low
[2025-10-27 10:59:57] [App1] [WARN]: File saved successfully
[2025-10-27 10:59:58] [App1] [ERROR]: Unauthorized access attempt
[2025-10-27 11:00:00] [App1] [ERROR]: UI button clicked
[2025-10-27 11:00:02] [App1] [WARN]: Disk space low
[2025-10-27 11:00:04] [App1] [WARN]: Disk space low
[2025-10-27 11:00:06] [App1] [INFO]: Unauthorized access attempt
[2025-10-27 11:00:07] [App1] [ERROR]: Unauthorized access attempt
[2025-10-27 11:00:08] [App1] [ERROR]: Unauthorized access attempt
[2025-10-27 11:00:09] [App1] [INFO]: Unauthorized access attempt
[2025-10-27 11:00:10] [App1] [INFO]: Disk space low
[2025-10-27 11:00:11] [App1] [ERROR]: File saved successfully
[2025-10-27 11:00:13] [App1] [INFO]: Disk space low
[2025-10-27 11:00:15] [App1] [ERROR]: User login successful
[2025-10-27 11:00:17] [App1] [WARN]: Disk space low
